/rigel/opt/anaconda3-5.1/lib/python3.6/site-packages/scipy/optimize/minpack.py:785: OptimizeWarning: Covariance of the parameters could not be estimated
  category=OptimizeWarning)
/rigel/apam/users/pcd2120/GISoptimization/Optimization_Seawall/Phil/fun_objective_loop_new.py:116: SettingWithCopyWarning: 
A value is trying to be set on a copy of a slice from a DataFrame

See the caveats in the documentation: http://pandas.pydata.org/pandas-docs/stable/indexing.html#indexing-view-versus-copy
  elev[wall_id] = elev[wall_id] + wall_h
1        1
2        2
3        3
4        4
5        5
6        6
7        7
8        8
9        9
10      10
11      11
12      12
13      13
14      14
15      15
16      16
17      17
18      18
19      19
20      20
21      21
22      22
23      23
24      24
25      25
26      26
27      27
28      28
29      29
30      30
      ... 
62      62
63      63
64      64
65      65
66      66
67      67
68      68
69      69
70      70
71      71
72      72
73      73
74      74
75      75
76      76
78      78
79      79
80      80
83      83
84      84
85      85
88      88
89      89
92      92
93      93
94      94
97      97
98      98
99      99
100    100
Name: FID, Length: 91, dtype: int64
Elapsed Time:  201.47860264778137 sec
